<?xml version="1.0" encoding="UTF-8"?>
<robot generator="Robot 6.1.1 (Python 3.12.0 on win32)" generated="20240102 12:07:30.598" rpa="false" schemaversion="4">
<suite id="s1" name="Mag Teste" source="C:\ProjetoMag\magcapitalizacao\TestMag\mag_teste.robot">
<test id="s1-t1" name="Caso de Teste 01 - Tela Início Home &quot;Nome Parceiro&quot;" line="8">
<kw name="Abrir o navegador" library="mag_resources" type="SETUP">
<kw name="Open Browser" library="SeleniumLibrary">
<arg>browser=chrome</arg>
<doc>Opens a new browser instance to the optional ``url``.</doc>
<msg timestamp="20240102 12:07:30.873" level="INFO">Opening browser 'chrome' to base url 'None'.</msg>
<status status="PASS" starttime="20240102 12:07:30.872" endtime="20240102 12:07:36.396"/>
</kw>
<kw name="Maximize Browser Window" library="SeleniumLibrary">
<doc>Maximizes current browser window.</doc>
<status status="PASS" starttime="20240102 12:07:36.396" endtime="20240102 12:07:36.531"/>
</kw>
<status status="PASS" starttime="20240102 12:07:30.872" endtime="20240102 12:07:36.531"/>
</kw>
<kw name="Que esteja na Home" library="mag_resources">
<kw name="Go To" library="SeleniumLibrary">
<arg>url=${URL}</arg>
<doc>Navigates the current browser window to the provided ``url``.</doc>
<msg timestamp="20240102 12:07:36.531" level="INFO">Opening url 'https://outsystemsdev.simple2u.com.br/PortalIncentivo/Home'</msg>
<status status="PASS" starttime="20240102 12:07:36.531" endtime="20240102 12:07:37.165"/>
</kw>
<kw name="Wait Until Element Is Visible" library="SeleniumLibrary">
<arg>locator=${PARCEIRO}</arg>
<doc>Waits until the element ``locator`` is visible.</doc>
<status status="PASS" starttime="20240102 12:07:37.165" endtime="20240102 12:07:38.131"/>
</kw>
<status status="PASS" starttime="20240102 12:07:36.531" endtime="20240102 12:07:38.131"/>
</kw>
<kw name="Verificar se aparece a frase &quot;Olá Parceiro&quot;" library="mag_resources">
<kw name="Wait Until Page Contains" library="SeleniumLibrary">
<arg>text=${TEXTO_PARCEIRO}</arg>
<doc>Waits until ``text`` appears on the current page.</doc>
<status status="PASS" starttime="20240102 12:07:38.131" endtime="20240102 12:07:38.147"/>
</kw>
<kw name="Wait Until Element Is Visible" library="SeleniumLibrary">
<arg>locator=${PARCEIRO}</arg>
<doc>Waits until the element ``locator`` is visible.</doc>
<status status="PASS" starttime="20240102 12:07:38.147" endtime="20240102 12:07:38.160"/>
</kw>
<status status="PASS" starttime="20240102 12:07:38.131" endtime="20240102 12:07:38.160"/>
</kw>
<kw name="Verificar se o título da página fica &quot;Home&quot;" library="mag_resources" sourcename="Verificar se o título da página fica &quot;${TITULO}&quot;">
<kw name="Title Should Be" library="SeleniumLibrary">
<arg>title=${TITULO}</arg>
<doc>Verifies that the current page title equals ``title``.</doc>
<msg timestamp="20240102 12:07:38.164" level="INFO">Page title is 'Home'.</msg>
<status status="PASS" starttime="20240102 12:07:38.161" endtime="20240102 12:07:38.164"/>
</kw>
<status status="PASS" starttime="20240102 12:07:38.160" endtime="20240102 12:07:38.164"/>
</kw>
<kw name="Fechar Navegador" library="mag_resources" type="TEARDOWN">
<kw name="Close Browser" library="SeleniumLibrary">
<doc>Closes the current browser.</doc>
<status status="PASS" starttime="20240102 12:07:38.164" endtime="20240102 12:07:40.424"/>
</kw>
<status status="PASS" starttime="20240102 12:07:38.164" endtime="20240102 12:07:40.424"/>
</kw>
<doc>Esse teste verifica o nome do parceiro na tela inicial</doc>
<tag>nome</tag>
<status status="PASS" starttime="20240102 12:07:30.857" endtime="20240102 12:07:40.424"/>
</test>
<test id="s1-t2" name="Caso de Teste 02 - Tela Início Home &quot;Notificação&quot;" line="18">
<kw name="Abrir o navegador" library="mag_resources" type="SETUP">
<kw name="Open Browser" library="SeleniumLibrary">
<arg>browser=chrome</arg>
<doc>Opens a new browser instance to the optional ``url``.</doc>
<msg timestamp="20240102 12:07:40.424" level="INFO">Opening browser 'chrome' to base url 'None'.</msg>
<status status="PASS" starttime="20240102 12:07:40.424" endtime="20240102 12:07:42.558"/>
</kw>
<kw name="Maximize Browser Window" library="SeleniumLibrary">
<doc>Maximizes current browser window.</doc>
<status status="PASS" starttime="20240102 12:07:42.558" endtime="20240102 12:07:42.680"/>
</kw>
<status status="PASS" starttime="20240102 12:07:40.424" endtime="20240102 12:07:42.680"/>
</kw>
<kw name="Que esteja na Home" library="mag_resources">
<kw name="Go To" library="SeleniumLibrary">
<arg>url=${URL}</arg>
<doc>Navigates the current browser window to the provided ``url``.</doc>
<msg timestamp="20240102 12:07:42.680" level="INFO">Opening url 'https://outsystemsdev.simple2u.com.br/PortalIncentivo/Home'</msg>
<status status="PASS" starttime="20240102 12:07:42.680" endtime="20240102 12:07:42.853"/>
</kw>
<kw name="Wait Until Element Is Visible" library="SeleniumLibrary">
<arg>locator=${PARCEIRO}</arg>
<doc>Waits until the element ``locator`` is visible.</doc>
<status status="PASS" starttime="20240102 12:07:42.853" endtime="20240102 12:07:43.801"/>
</kw>
<status status="PASS" starttime="20240102 12:07:42.680" endtime="20240102 12:07:43.801"/>
</kw>
<kw name="Aparecerá notificações &quot;Arquivo recusado&quot;" library="mag_resources">
<kw name="Wait Until Page Contains" library="SeleniumLibrary">
<arg>text=${TEXTO_NOTIFICAÇÃO}</arg>
<doc>Waits until ``text`` appears on the current page.</doc>
<status status="PASS" starttime="20240102 12:07:43.801" endtime="20240102 12:07:43.817"/>
</kw>
<kw name="Wait Until Element Is Visible" library="SeleniumLibrary">
<arg>locator=${NOTIFICACAO}</arg>
<doc>Waits until the element ``locator`` is visible.</doc>
<status status="PASS" starttime="20240102 12:07:43.817" endtime="20240102 12:07:43.837"/>
</kw>
<status status="PASS" starttime="20240102 12:07:43.801" endtime="20240102 12:07:43.837"/>
</kw>
<kw name="Fechar Navegador" library="mag_resources" type="TEARDOWN">
<kw name="Close Browser" library="SeleniumLibrary">
<doc>Closes the current browser.</doc>
<status status="PASS" starttime="20240102 12:07:43.837" endtime="20240102 12:07:46.139"/>
</kw>
<status status="PASS" starttime="20240102 12:07:43.837" endtime="20240102 12:07:46.140"/>
</kw>
<doc>Esse teste verifica as notificações do parceiro</doc>
<tag>notificacao</tag>
<status status="PASS" starttime="20240102 12:07:40.424" endtime="20240102 12:07:46.140"/>
</test>
<test id="s1-t3" name="Caso de Teste 03:Tela Início Home &quot;Filtros&quot;" line="24">
<kw name="Abrir o navegador" library="mag_resources" type="SETUP">
<kw name="Open Browser" library="SeleniumLibrary">
<arg>browser=chrome</arg>
<doc>Opens a new browser instance to the optional ``url``.</doc>
<msg timestamp="20240102 12:07:46.142" level="INFO">Opening browser 'chrome' to base url 'None'.</msg>
<status status="PASS" starttime="20240102 12:07:46.142" endtime="20240102 12:07:47.850"/>
</kw>
<kw name="Maximize Browser Window" library="SeleniumLibrary">
<doc>Maximizes current browser window.</doc>
<status status="PASS" starttime="20240102 12:07:47.852" endtime="20240102 12:07:47.965"/>
</kw>
<status status="PASS" starttime="20240102 12:07:46.142" endtime="20240102 12:07:47.965"/>
</kw>
<kw name="Que esteja na Home" library="mag_resources">
<kw name="Go To" library="SeleniumLibrary">
<arg>url=${URL}</arg>
<doc>Navigates the current browser window to the provided ``url``.</doc>
<msg timestamp="20240102 12:07:47.965" level="INFO">Opening url 'https://outsystemsdev.simple2u.com.br/PortalIncentivo/Home'</msg>
<status status="PASS" starttime="20240102 12:07:47.965" endtime="20240102 12:07:48.730"/>
</kw>
<kw name="Wait Until Element Is Visible" library="SeleniumLibrary">
<arg>locator=${PARCEIRO}</arg>
<doc>Waits until the element ``locator`` is visible.</doc>
<status status="PASS" starttime="20240102 12:07:48.731" endtime="20240102 12:07:49.801"/>
</kw>
<status status="PASS" starttime="20240102 12:07:47.965" endtime="20240102 12:07:49.802"/>
</kw>
<kw name="aparecerá &quot;filtros de acesso rápido&quot; ao parceiro" library="mag_resources">
<kw name="Wait Until Page Contains" library="SeleniumLibrary">
<arg>text=${CONSULTA_ARQUIVOS}</arg>
<doc>Waits until ``text`` appears on the current page.</doc>
<status status="PASS" starttime="20240102 12:07:49.802" endtime="20240102 12:07:49.812"/>
</kw>
<kw name="Wait Until Element Is Visible" library="SeleniumLibrary">
<arg>locator=${CONSULTA}</arg>
<doc>Waits until the element ``locator`` is visible.</doc>
<status status="PASS" starttime="20240102 12:07:49.812" endtime="20240102 12:07:49.839"/>
</kw>
<status status="PASS" starttime="20240102 12:07:49.802" endtime="20240102 12:07:49.839"/>
</kw>
<kw name="Fechar Navegador" library="mag_resources" type="TEARDOWN">
<kw name="Close Browser" library="SeleniumLibrary">
<doc>Closes the current browser.</doc>
<status status="PASS" starttime="20240102 12:07:49.840" endtime="20240102 12:07:52.075"/>
</kw>
<status status="PASS" starttime="20240102 12:07:49.840" endtime="20240102 12:07:52.075"/>
</kw>
<doc>Esse teste verifica os filtros rápidos</doc>
<tag>filtros</tag>
<status status="PASS" starttime="20240102 12:07:46.142" endtime="20240102 12:07:52.075"/>
</test>
<doc>Essa suíte testa o site da Mag Capitalização</doc>
<status status="PASS" starttime="20240102 12:07:30.613" endtime="20240102 12:07:52.075"/>
</suite>
<statistics>
<total>
<stat pass="3" fail="0" skip="0">All Tests</stat>
</total>
<tag>
<stat pass="1" fail="0" skip="0">filtros</stat>
<stat pass="1" fail="0" skip="0">nome</stat>
<stat pass="1" fail="0" skip="0">notificacao</stat>
</tag>
<suite>
<stat pass="3" fail="0" skip="0" id="s1" name="Mag Teste">Mag Teste</stat>
</suite>
</statistics>
<errors>
</errors>
</robot>
