<?xml version="1.0" encoding="UTF-8"?>
<robot generator="Robot 6.1.1 (Python 3.12.0 on win32)" generated="20231229 16:59:47.259" rpa="false" schemaversion="4">
<suite id="s1" name="Mag Teste" source="C:\ProjetoMag\magcapitalizacao\TestMag\mag_teste.robot">
<test id="s1-t1" name="Caso de Teste 01 - Tela Início Home &quot;Nome Parceiro&quot;" line="8">
<kw name="Abrir o navegador" library="mag_resources" type="SETUP">
<kw name="Open Browser" library="SeleniumLibrary">
<arg>browser=chrome</arg>
<doc>Opens a new browser instance to the optional ``url``.</doc>
<msg timestamp="20231229 16:59:47.494" level="INFO">Opening browser 'chrome' to base url 'None'.</msg>
<status status="PASS" starttime="20231229 16:59:47.494" endtime="20231229 16:59:50.253"/>
</kw>
<kw name="Maximize Browser Window" library="SeleniumLibrary">
<doc>Maximizes current browser window.</doc>
<status status="PASS" starttime="20231229 16:59:50.253" endtime="20231229 16:59:50.404"/>
</kw>
<status status="PASS" starttime="20231229 16:59:47.494" endtime="20231229 16:59:50.404"/>
</kw>
<kw name="Que esteja na Home" library="mag_resources">
<kw name="Go To" library="SeleniumLibrary">
<arg>url=${URL}</arg>
<doc>Navigates the current browser window to the provided ``url``.</doc>
<msg timestamp="20231229 16:59:50.419" level="INFO">Opening url 'https://outsystemsdev.simple2u.com.br/PortalIncentivo/Home'</msg>
<status status="PASS" starttime="20231229 16:59:50.419" endtime="20231229 16:59:51.251"/>
</kw>
<kw name="Wait Until Element Is Visible" library="SeleniumLibrary">
<arg>locator=${PARCEIRO}</arg>
<doc>Waits until the element ``locator`` is visible.</doc>
<status status="PASS" starttime="20231229 16:59:51.251" endtime="20231229 16:59:52.314"/>
</kw>
<status status="PASS" starttime="20231229 16:59:50.419" endtime="20231229 16:59:52.314"/>
</kw>
<kw name="Verificar se aparece a frase &quot;Olá Parceiro&quot;" library="mag_resources">
<kw name="Wait Until Page Contains" library="SeleniumLibrary">
<arg>text=${TEXTO_PARCEIRO}</arg>
<doc>Waits until ``text`` appears on the current page.</doc>
<status status="PASS" starttime="20231229 16:59:52.314" endtime="20231229 16:59:52.330"/>
</kw>
<kw name="Wait Until Element Is Visible" library="SeleniumLibrary">
<arg>locator=${PARCEIRO}</arg>
<doc>Waits until the element ``locator`` is visible.</doc>
<status status="PASS" starttime="20231229 16:59:52.330" endtime="20231229 16:59:52.375"/>
</kw>
<status status="PASS" starttime="20231229 16:59:52.314" endtime="20231229 16:59:52.375"/>
</kw>
<kw name="Verificar se o título da página fica &quot;Home&quot;" library="mag_resources" sourcename="Verificar se o título da página fica &quot;${TITULO}&quot;">
<kw name="Title Should Be" library="SeleniumLibrary">
<arg>title=${TITULO}</arg>
<doc>Verifies that the current page title equals ``title``.</doc>
<msg timestamp="20231229 16:59:52.383" level="INFO">Page title is 'Home'.</msg>
<status status="PASS" starttime="20231229 16:59:52.375" endtime="20231229 16:59:52.383"/>
</kw>
<status status="PASS" starttime="20231229 16:59:52.375" endtime="20231229 16:59:52.383"/>
</kw>
<kw name="Fechar Navegador" library="mag_resources" type="TEARDOWN">
<kw name="Close Browser" library="SeleniumLibrary">
<doc>Closes the current browser.</doc>
<status status="PASS" starttime="20231229 16:59:52.383" endtime="20231229 16:59:54.766"/>
</kw>
<status status="PASS" starttime="20231229 16:59:52.383" endtime="20231229 16:59:54.766"/>
</kw>
<doc>Esse teste verifica o nome do parceiro na tela inicial</doc>
<tag>nome</tag>
<status status="PASS" starttime="20231229 16:59:47.494" endtime="20231229 16:59:54.766"/>
</test>
<test id="s1-t2" name="Caso de Teste 02 - Tela Início Home &quot;Notificação&quot;" line="18">
<kw name="Abrir o navegador" library="mag_resources" type="SETUP">
<kw name="Open Browser" library="SeleniumLibrary">
<arg>browser=chrome</arg>
<doc>Opens a new browser instance to the optional ``url``.</doc>
<msg timestamp="20231229 16:59:54.766" level="INFO">Opening browser 'chrome' to base url 'None'.</msg>
<status status="PASS" starttime="20231229 16:59:54.766" endtime="20231229 16:59:56.843"/>
</kw>
<kw name="Maximize Browser Window" library="SeleniumLibrary">
<doc>Maximizes current browser window.</doc>
<status status="PASS" starttime="20231229 16:59:56.843" endtime="20231229 16:59:56.997"/>
</kw>
<status status="PASS" starttime="20231229 16:59:54.766" endtime="20231229 16:59:56.997"/>
</kw>
<kw name="Que esteja na Home" library="mag_resources">
<kw name="Go To" library="SeleniumLibrary">
<arg>url=${URL}</arg>
<doc>Navigates the current browser window to the provided ``url``.</doc>
<msg timestamp="20231229 16:59:56.997" level="INFO">Opening url 'https://outsystemsdev.simple2u.com.br/PortalIncentivo/Home'</msg>
<status status="PASS" starttime="20231229 16:59:56.997" endtime="20231229 16:59:57.864"/>
</kw>
<kw name="Wait Until Element Is Visible" library="SeleniumLibrary">
<arg>locator=${PARCEIRO}</arg>
<doc>Waits until the element ``locator`` is visible.</doc>
<status status="PASS" starttime="20231229 16:59:57.864" endtime="20231229 16:59:59.034"/>
</kw>
<status status="PASS" starttime="20231229 16:59:56.997" endtime="20231229 16:59:59.034"/>
</kw>
<kw name="Aparecerá notificações &quot;Arquivo recusado&quot;" library="mag_resources">
<kw name="Wait Until Page Contains" library="SeleniumLibrary">
<arg>text=${TEXTO_NOTIFICAÇÃO}</arg>
<doc>Waits until ``text`` appears on the current page.</doc>
<status status="PASS" starttime="20231229 16:59:59.034" endtime="20231229 16:59:59.050"/>
</kw>
<kw name="Wait Until Element Is Visible" library="SeleniumLibrary">
<arg>locator=${NOTIFICACAO}</arg>
<doc>Waits until the element ``locator`` is visible.</doc>
<status status="PASS" starttime="20231229 16:59:59.050" endtime="20231229 16:59:59.081"/>
</kw>
<status status="PASS" starttime="20231229 16:59:59.034" endtime="20231229 16:59:59.081"/>
</kw>
<kw name="Fechar Navegador" library="mag_resources" type="TEARDOWN">
<kw name="Close Browser" library="SeleniumLibrary">
<doc>Closes the current browser.</doc>
<status status="PASS" starttime="20231229 16:59:59.081" endtime="20231229 17:00:01.304"/>
</kw>
<status status="PASS" starttime="20231229 16:59:59.081" endtime="20231229 17:00:01.304"/>
</kw>
<doc>Esse teste verifica as notificações do parceiro</doc>
<tag>notificacao</tag>
<status status="PASS" starttime="20231229 16:59:54.766" endtime="20231229 17:00:01.304"/>
</test>
<test id="s1-t3" name="Caso de Teste 03:Tela Início Home &quot;Filtros&quot;" line="24">
<kw name="Abrir o navegador" library="mag_resources" type="SETUP">
<kw name="Open Browser" library="SeleniumLibrary">
<arg>browser=chrome</arg>
<doc>Opens a new browser instance to the optional ``url``.</doc>
<msg timestamp="20231229 17:00:01.304" level="INFO">Opening browser 'chrome' to base url 'None'.</msg>
<status status="PASS" starttime="20231229 17:00:01.304" endtime="20231229 17:00:03.217"/>
</kw>
<kw name="Maximize Browser Window" library="SeleniumLibrary">
<doc>Maximizes current browser window.</doc>
<status status="PASS" starttime="20231229 17:00:03.219" endtime="20231229 17:00:03.388"/>
</kw>
<status status="PASS" starttime="20231229 17:00:01.304" endtime="20231229 17:00:03.393"/>
</kw>
<kw name="Que esteja na Home" library="mag_resources">
<kw name="Go To" library="SeleniumLibrary">
<arg>url=${URL}</arg>
<doc>Navigates the current browser window to the provided ``url``.</doc>
<msg timestamp="20231229 17:00:03.400" level="INFO">Opening url 'https://outsystemsdev.simple2u.com.br/PortalIncentivo/Home'</msg>
<status status="PASS" starttime="20231229 17:00:03.395" endtime="20231229 17:00:03.895"/>
</kw>
<kw name="Wait Until Element Is Visible" library="SeleniumLibrary">
<arg>locator=${PARCEIRO}</arg>
<doc>Waits until the element ``locator`` is visible.</doc>
<status status="PASS" starttime="20231229 17:00:03.895" endtime="20231229 17:00:04.641"/>
</kw>
<status status="PASS" starttime="20231229 17:00:03.395" endtime="20231229 17:00:04.641"/>
</kw>
<kw name="aparecerá &quot;filtros de acesso rápido&quot; ao parceiro" library="mag_resources">
<kw name="Wait Until Page Contains" library="SeleniumLibrary">
<arg>text=${CONSULTA_ARQUIVOS}</arg>
<doc>Waits until ``text`` appears on the current page.</doc>
<status status="PASS" starttime="20231229 17:00:04.641" endtime="20231229 17:00:04.655"/>
</kw>
<kw name="Wait Until Element Is Visible" library="SeleniumLibrary">
<arg>locator=${CONSULTA}</arg>
<doc>Waits until the element ``locator`` is visible.</doc>
<status status="PASS" starttime="20231229 17:00:04.655" endtime="20231229 17:00:04.693"/>
</kw>
<status status="PASS" starttime="20231229 17:00:04.641" endtime="20231229 17:00:04.693"/>
</kw>
<kw name="Fechar Navegador" library="mag_resources" type="TEARDOWN">
<kw name="Close Browser" library="SeleniumLibrary">
<doc>Closes the current browser.</doc>
<status status="PASS" starttime="20231229 17:00:04.693" endtime="20231229 17:00:06.924"/>
</kw>
<status status="PASS" starttime="20231229 17:00:04.693" endtime="20231229 17:00:06.925"/>
</kw>
<doc>Esse teste verifica os filtros rápidos</doc>
<tag>filtros</tag>
<status status="PASS" starttime="20231229 17:00:01.304" endtime="20231229 17:00:06.925"/>
</test>
<doc>Essa suíte testa o site da Mag Capitalização</doc>
<status status="PASS" starttime="20231229 16:59:47.274" endtime="20231229 17:00:06.925"/>
</suite>
<statistics>
<total>
<stat pass="3" fail="0" skip="0">All Tests</stat>
</total>
<tag>
<stat pass="1" fail="0" skip="0">filtros</stat>
<stat pass="1" fail="0" skip="0">nome</stat>
<stat pass="1" fail="0" skip="0">notificacao</stat>
</tag>
<suite>
<stat pass="3" fail="0" skip="0" id="s1" name="Mag Teste">Mag Teste</stat>
</suite>
</statistics>
<errors>
</errors>
</robot>
